starting!
randomizer created
blackboard reader created
environment created
randomizer initialized
blackboard initialized
environment initialized
root created.
Done with serene startup code!tree created
tree initialized
environment pub-sub created
starting ticks!
got: odometry
got: odometry
got: odometry
got: odometry
got: odometry
got: odometry
got: odometry
got: odometry
got: odometry
got: odometry
got: odometry
got: odometry
got: odometry
got: odometry
got: odometry
got: odometry
got: odometry
got: odometry
got: odometry
got: odometry
got: odometry
got: odometry
got: odometry
got: odometry
got: odometry
got: odometry
got: odometry
got: odometry
got: odometry
got: odometry
got: odometry
got: odometry
got: odometry
got: odometry
got: odometry
got: odometry
got: odometry
got: odometry
got: odometry
got: odometry
got: odometry
got: odometry
got: odometry
got: odometry
got: odometry
got: odometry
got: odometry
got: odometry
got: odometry
got: odometry
got: odometry
got: odometry
got: odometry
got: odometry
got: odometry
got: odometry
got: odometry
got: odometry
got: odometry
got: odometry
got: odometry
got: odometry
got: odometry
got: odometry
got: odometry
got: odometry
got: odometry
got: odometry
got: odometry
got: odometry
got: odometry
got: odometry
got: odometry
got: odometry
got: odometry
got: odometry
got: odometry
got: odometry
got: odometry
got: odometry
got: odometry
got: odometry
got: odometry
got: odometry
got: odometry
got: odometry
got: odometry
got: odometry
got: odometry
got: odometry
got: odometry
got: odometry
got: odometry
got: odometry
got: odometry
got: odometry
got: odometry
got: odometry
got: odometry
got: odometry
got: odometry
got: odometry
got: odometry
got: odometry
got: odometry
got: odometry
got: odometry
got: odometry
got: odometry
got: odometry
got: odometry
got: odometry
got: odometry
got: odometry
got: odometry
got: odometry
got: odometry
got: map
got: odometry
got: odometry
got: odometry
updated map!
drone_true: (-124.0, -17.0, -10.684972763061523)
drone_x : -124
drone_y : -17
drone_z : 0
FAILED: position!
got: odometry
got: map
got: odometry
got: odometry
got: odometry
got: odometry
got: odometry
got: odometry
got: odometry
got: odometry
updated map!
drone_true: (-124.0, -17.0, -10.711681365966797)
drone_x : -124
drone_y : -17
drone_z : 0
FAILED: position!
got: odometry
got: map
got: odometry
got: odometry
got: odometry
got: odometry
got: odometry
