This is pdfTeX, Version 3.14159265-2.6-1.40.20 (MiKTeX 2.9.7200 64-bit) (preloaded format=pdflatex 2019.11.11)  12 NOV 2019 16:30
entering extended mode
**./prelim.tex
(prelim.tex
LaTeX2e <2019-10-01> patch level 2
(E:\miktex\miktex_2.9\tex/latex/base\article.cls
Document Class: article 2019/10/25 v1.4k Standard LaTeX document class
(E:\miktex\miktex_2.9\tex/latex/base\size10.clo
File: size10.clo 2019/10/25 v1.4k Standard LaTeX file (size option)
)
\c@part=\count80
\c@section=\count81
\c@subsection=\count82
\c@subsubsection=\count83
\c@paragraph=\count84
\c@subparagraph=\count85
\c@figure=\count86
\c@table=\count87
\abovecaptionskip=\skip41
\belowcaptionskip=\skip42
\bibindent=\dimen102
)
(E:\miktex\miktex_2.9\tex/latex/amsmath\amsmath.sty
Package: amsmath 2019/04/01 v2.17c AMS math features
\@mathmargin=\skip43

For additional information on amsmath, use the `?' option.
(E:\miktex\miktex_2.9\tex/latex/amsmath\amstext.sty
Package: amstext 2000/06/29 v2.01 AMS text

(E:\miktex\miktex_2.9\tex/latex/amsmath\amsgen.sty
File: amsgen.sty 1999/11/30 v2.0 generic functions
\@emptytoks=\toks14
\ex@=\dimen103
))
(E:\miktex\miktex_2.9\tex/latex/amsmath\amsbsy.sty
Package: amsbsy 1999/11/29 v1.2d Bold Symbols
\pmbraise@=\dimen104
)
(E:\miktex\miktex_2.9\tex/latex/amsmath\amsopn.sty
Package: amsopn 2016/03/08 v2.02 operator names
)
\inf@bad=\count88
LaTeX Info: Redefining \frac on input line 227.
\uproot@=\count89
\leftroot@=\count90
LaTeX Info: Redefining \overline on input line 389.
\classnum@=\count91
\DOTSCASE@=\count92
LaTeX Info: Redefining \ldots on input line 486.
LaTeX Info: Redefining \dots on input line 489.
LaTeX Info: Redefining \cdots on input line 610.
\Mathstrutbox@=\box27
\strutbox@=\box28
\big@size=\dimen105
LaTeX Font Info:    Redeclaring font encoding OML on input line 733.
LaTeX Font Info:    Redeclaring font encoding OMS on input line 734.
\macc@depth=\count93
\c@MaxMatrixCols=\count94
\dotsspace@=\muskip10
\c@parentequation=\count95
\dspbrk@lvl=\count96
\tag@help=\toks15
\row@=\count97
\column@=\count98
\maxfields@=\count99
\andhelp@=\toks16
\eqnshift@=\dimen106
\alignsep@=\dimen107
\tagshift@=\dimen108
\tagwidth@=\dimen109
\totwidth@=\dimen110
\lineht@=\dimen111
\@envbody=\toks17
\multlinegap=\skip44
\multlinetaggap=\skip45
\mathdisplay@stack=\toks18
LaTeX Info: Redefining \[ on input line 2855.
LaTeX Info: Redefining \] on input line 2856.
)
(E:\miktex\miktex_2.9\tex/latex/amsfonts\amssymb.sty
Package: amssymb 2013/01/14 v3.01 AMS font symbols

(E:\miktex\miktex_2.9\tex/latex/amsfonts\amsfonts.sty
Package: amsfonts 2013/01/14 v3.01 Basic AMSFonts support
\symAMSa=\mathgroup4
\symAMSb=\mathgroup5
LaTeX Font Info:    Redeclaring math symbol \hbar on input line 98.
LaTeX Font Info:    Overwriting math alphabet `\mathfrak' in version `bold'
(Font)                  U/euf/m/n --> U/euf/b/n on input line 106.
))
(E:\miktex\miktex_2.9\tex/latex/mathtools\mathtools.sty
Package: mathtools 2019/07/31 v1.22 mathematical typesetting tools

(E:\miktex\miktex_2.9\tex/latex/graphics\keyval.sty
Package: keyval 2014/10/28 v1.15 key=value parser (DPC)
\KV@toks@=\toks19
)
(E:\miktex\miktex_2.9\tex/latex/tools\calc.sty
Package: calc 2017/05/25 v4.3 Infix arithmetic (KKT,FJ)
\calc@Acount=\count100
\calc@Bcount=\count101
\calc@Adimen=\dimen112
\calc@Bdimen=\dimen113
\calc@Askip=\skip46
\calc@Bskip=\skip47
LaTeX Info: Redefining \setlength on input line 80.
LaTeX Info: Redefining \addtolength on input line 81.
\calc@Ccount=\count102
\calc@Cskip=\skip48
)
(E:\miktex\miktex_2.9\tex/latex/mathtools\mhsetup.sty
Package: mhsetup 2017/03/31 v1.3 programming setup (MH)
)
LaTeX Info: Thecontrolsequence`\('isalreadyrobust on input line 129.
LaTeX Info: Thecontrolsequence`\)'isalreadyrobust on input line 129.
LaTeX Info: Thecontrolsequence`\['isalreadyrobust on input line 129.
LaTeX Info: Thecontrolsequence`\]'isalreadyrobust on input line 129.
\g_MT_multlinerow_int=\count103
\l_MT_multwidth_dim=\dimen114
\origjot=\skip49
\l_MT_shortvdotswithinadjustabove_dim=\dimen115
\l_MT_shortvdotswithinadjustbelow_dim=\dimen116
\l_MT_above_intertext_sep=\dimen117
\l_MT_below_intertext_sep=\dimen118
\l_MT_above_shortintertext_sep=\dimen119
\l_MT_below_shortintertext_sep=\dimen120
)
(E:\miktex\miktex_2.9\tex/latex/pgf/basiclayer\pgf.sty
(E:\miktex\miktex_2.9\tex/latex/pgf/utilities\pgfrcs.sty
(E:\miktex\miktex_2.9\tex/generic/pgf/utilities\pgfutil-common.tex
\pgfutil@everybye=\toks20
\pgfutil@tempdima=\dimen121
\pgfutil@tempdimb=\dimen122

(E:\miktex\miktex_2.9\tex/generic/pgf/utilities\pgfutil-common-lists.tex))
(E:\miktex\miktex_2.9\tex/generic/pgf/utilities\pgfutil-latex.def
\pgfutil@abb=\box29

(E:\miktex\miktex_2.9\tex/latex/ms\everyshi.sty
Package: everyshi 2001/05/15 v3.00 EveryShipout Package (MS)
))
(E:\miktex\miktex_2.9\tex/generic/pgf/utilities\pgfrcs.code.tex
(E:\miktex\miktex_2.9\tex/generic/pgf\pgf.revision.tex)
Package: pgfrcs 2019/08/03 v3.1.4b (3.1.4b)
))
Package: pgf 2019/08/03 v3.1.4b (3.1.4b)

(E:\miktex\miktex_2.9\tex/latex/pgf/basiclayer\pgfcore.sty
(E:\miktex\miktex_2.9\tex/latex/graphics\graphicx.sty
Package: graphicx 2017/06/01 v1.1a Enhanced LaTeX Graphics (DPC,SPQR)

(E:\miktex\miktex_2.9\tex/latex/graphics\graphics.sty
Package: graphics 2019/11/01 v1.3d Standard LaTeX Graphics (DPC,SPQR)

(E:\miktex\miktex_2.9\tex/latex/graphics\trig.sty
Package: trig 2016/01/03 v1.10 sin cos tan (DPC)
)
(E:\miktex\miktex_2.9\tex/latex/graphics-cfg\graphics.cfg
File: graphics.cfg 2016/06/04 v1.11 sample graphics configuration
)
Package graphics Info: Driver file: pdftex.def on input line 105.

(E:\miktex\miktex_2.9\tex/latex/graphics-def\pdftex.def
File: pdftex.def 2018/01/08 v1.0l Graphics/color driver for pdftex
))
\Gin@req@height=\dimen123
\Gin@req@width=\dimen124
)
(E:\miktex\miktex_2.9\tex/latex/pgf/systemlayer\pgfsys.sty
(E:\miktex\miktex_2.9\tex/generic/pgf/systemlayer\pgfsys.code.tex
Package: pgfsys 2019/08/03 v3.1.4b (3.1.4b)

(E:\miktex\miktex_2.9\tex/generic/pgf/utilities\pgfkeys.code.tex
\pgfkeys@pathtoks=\toks21
\pgfkeys@temptoks=\toks22

(E:\miktex\miktex_2.9\tex/generic/pgf/utilities\pgfkeysfiltered.code.tex
\pgfkeys@tmptoks=\toks23
))
\pgf@x=\dimen125
\pgf@y=\dimen126
\pgf@xa=\dimen127
\pgf@ya=\dimen128
\pgf@xb=\dimen129
\pgf@yb=\dimen130
\pgf@xc=\dimen131
\pgf@yc=\dimen132
\pgf@xd=\dimen133
\pgf@yd=\dimen134
\w@pgf@writea=\write3
\r@pgf@reada=\read1
\c@pgf@counta=\count104
\c@pgf@countb=\count105
\c@pgf@countc=\count106
\c@pgf@countd=\count107
\t@pgf@toka=\toks24
\t@pgf@tokb=\toks25
\t@pgf@tokc=\toks26
\pgf@sys@id@count=\count108

(E:\miktex\miktex_2.9\tex/generic/pgf/systemlayer\pgf.cfg
File: pgf.cfg 2019/08/03 v3.1.4b (3.1.4b)
)
Driver file for pgf: pgfsys-pdftex.def

(E:\miktex\miktex_2.9\tex/generic/pgf/systemlayer\pgfsys-pdftex.def
File: pgfsys-pdftex.def 2019/08/03 v3.1.4b (3.1.4b)

(E:\miktex\miktex_2.9\tex/generic/pgf/systemlayer\pgfsys-common-pdf.def
File: pgfsys-common-pdf.def 2019/08/03 v3.1.4b (3.1.4b)
)))
(E:\miktex\miktex_2.9\tex/generic/pgf/systemlayer\pgfsyssoftpath.code.tex
File: pgfsyssoftpath.code.tex 2019/08/03 v3.1.4b (3.1.4b)
\pgfsyssoftpath@smallbuffer@items=\count109
\pgfsyssoftpath@bigbuffer@items=\count110
)
(E:\miktex\miktex_2.9\tex/generic/pgf/systemlayer\pgfsysprotocol.code.tex
File: pgfsysprotocol.code.tex 2019/08/03 v3.1.4b (3.1.4b)
))
(E:\miktex\miktex_2.9\tex/latex/xcolor\xcolor.sty
Package: xcolor 2016/05/11 v2.12 LaTeX color extensions (UK)

(E:\miktex\miktex_2.9\tex/latex/graphics-cfg\color.cfg
File: color.cfg 2016/01/02 v1.6 sample color configuration
)
Package xcolor Info: Driver file: pdftex.def on input line 225.
Package xcolor Info: Model `cmy' substituted by `cmy0' on input line 1348.
Package xcolor Info: Model `hsb' substituted by `rgb' on input line 1352.
Package xcolor Info: Model `RGB' extended on input line 1364.
Package xcolor Info: Model `HTML' substituted by `rgb' on input line 1366.
Package xcolor Info: Model `Hsb' substituted by `hsb' on input line 1367.
Package xcolor Info: Model `tHsb' substituted by `hsb' on input line 1368.
Package xcolor Info: Model `HSB' substituted by `hsb' on input line 1369.
Package xcolor Info: Model `Gray' substituted by `gray' on input line 1370.
Package xcolor Info: Model `wave' substituted by `hsb' on input line 1371.
)
(E:\miktex\miktex_2.9\tex/generic/pgf/basiclayer\pgfcore.code.tex
Package: pgfcore 2019/08/03 v3.1.4b (3.1.4b)

(E:\miktex\miktex_2.9\tex/generic/pgf/math\pgfmath.code.tex
(E:\miktex\miktex_2.9\tex/generic/pgf/math\pgfmathcalc.code.tex
(E:\miktex\miktex_2.9\tex/generic/pgf/math\pgfmathutil.code.tex)
(E:\miktex\miktex_2.9\tex/generic/pgf/math\pgfmathparser.code.tex
\pgfmath@dimen=\dimen135
\pgfmath@count=\count111
\pgfmath@box=\box30
\pgfmath@toks=\toks27
\pgfmath@stack@operand=\toks28
\pgfmath@stack@operation=\toks29
)
(E:\miktex\miktex_2.9\tex/generic/pgf/math\pgfmathfunctions.code.tex
(E:\miktex\miktex_2.9\tex/generic/pgf/math\pgfmathfunctions.basic.code.tex)
(E:\miktex\miktex_2.9\tex/generic/pgf/math\pgfmathfunctions.trigonometric.code.
tex)
(E:\miktex\miktex_2.9\tex/generic/pgf/math\pgfmathfunctions.random.code.tex)
(E:\miktex\miktex_2.9\tex/generic/pgf/math\pgfmathfunctions.comparison.code.tex
) (E:\miktex\miktex_2.9\tex/generic/pgf/math\pgfmathfunctions.base.code.tex)
(E:\miktex\miktex_2.9\tex/generic/pgf/math\pgfmathfunctions.round.code.tex)
(E:\miktex\miktex_2.9\tex/generic/pgf/math\pgfmathfunctions.misc.code.tex)
(E:\miktex\miktex_2.9\tex/generic/pgf/math\pgfmathfunctions.integerarithmetics.
code.tex))) (E:\miktex\miktex_2.9\tex/generic/pgf/math\pgfmathfloat.code.tex
\c@pgfmathroundto@lastzeros=\count112
))
(E:\miktex\miktex_2.9\tex/generic/pgf/math\pgfint.code.tex)
(E:\miktex\miktex_2.9\tex/generic/pgf/basiclayer\pgfcorepoints.code.tex
File: pgfcorepoints.code.tex 2019/08/03 v3.1.4b (3.1.4b)
\pgf@picminx=\dimen136
\pgf@picmaxx=\dimen137
\pgf@picminy=\dimen138
\pgf@picmaxy=\dimen139
\pgf@pathminx=\dimen140
\pgf@pathmaxx=\dimen141
\pgf@pathminy=\dimen142
\pgf@pathmaxy=\dimen143
\pgf@xx=\dimen144
\pgf@xy=\dimen145
\pgf@yx=\dimen146
\pgf@yy=\dimen147
\pgf@zx=\dimen148
\pgf@zy=\dimen149
)
(E:\miktex\miktex_2.9\tex/generic/pgf/basiclayer\pgfcorepathconstruct.code.tex
File: pgfcorepathconstruct.code.tex 2019/08/03 v3.1.4b (3.1.4b)
\pgf@path@lastx=\dimen150
\pgf@path@lasty=\dimen151
) (E:\miktex\miktex_2.9\tex/generic/pgf/basiclayer\pgfcorepathusage.code.tex
File: pgfcorepathusage.code.tex 2019/08/03 v3.1.4b (3.1.4b)
\pgf@shorten@end@additional=\dimen152
\pgf@shorten@start@additional=\dimen153
)
(E:\miktex\miktex_2.9\tex/generic/pgf/basiclayer\pgfcorescopes.code.tex
File: pgfcorescopes.code.tex 2019/08/03 v3.1.4b (3.1.4b)
\pgfpic=\box31
\pgf@hbox=\box32
\pgf@layerbox@main=\box33
\pgf@picture@serial@count=\count113
)
(E:\miktex\miktex_2.9\tex/generic/pgf/basiclayer\pgfcoregraphicstate.code.tex
File: pgfcoregraphicstate.code.tex 2019/08/03 v3.1.4b (3.1.4b)
\pgflinewidth=\dimen154
)
(E:\miktex\miktex_2.9\tex/generic/pgf/basiclayer\pgfcoretransformations.code.te
x
File: pgfcoretransformations.code.tex 2019/08/03 v3.1.4b (3.1.4b)
\pgf@pt@x=\dimen155
\pgf@pt@y=\dimen156
\pgf@pt@temp=\dimen157
) (E:\miktex\miktex_2.9\tex/generic/pgf/basiclayer\pgfcorequick.code.tex
File: pgfcorequick.code.tex 2019/08/03 v3.1.4b (3.1.4b)
)
(E:\miktex\miktex_2.9\tex/generic/pgf/basiclayer\pgfcoreobjects.code.tex
File: pgfcoreobjects.code.tex 2019/08/03 v3.1.4b (3.1.4b)
)
(E:\miktex\miktex_2.9\tex/generic/pgf/basiclayer\pgfcorepathprocessing.code.tex
File: pgfcorepathprocessing.code.tex 2019/08/03 v3.1.4b (3.1.4b)
) (E:\miktex\miktex_2.9\tex/generic/pgf/basiclayer\pgfcorearrows.code.tex
File: pgfcorearrows.code.tex 2019/08/03 v3.1.4b (3.1.4b)
\pgfarrowsep=\dimen158
)
(E:\miktex\miktex_2.9\tex/generic/pgf/basiclayer\pgfcoreshade.code.tex
File: pgfcoreshade.code.tex 2019/08/03 v3.1.4b (3.1.4b)
\pgf@max=\dimen159
\pgf@sys@shading@range@num=\count114
\pgf@shadingcount=\count115
)
(E:\miktex\miktex_2.9\tex/generic/pgf/basiclayer\pgfcoreimage.code.tex
File: pgfcoreimage.code.tex 2019/08/03 v3.1.4b (3.1.4b)

(E:\miktex\miktex_2.9\tex/generic/pgf/basiclayer\pgfcoreexternal.code.tex
File: pgfcoreexternal.code.tex 2019/08/03 v3.1.4b (3.1.4b)
\pgfexternal@startupbox=\box34
))
(E:\miktex\miktex_2.9\tex/generic/pgf/basiclayer\pgfcorelayers.code.tex
File: pgfcorelayers.code.tex 2019/08/03 v3.1.4b (3.1.4b)
)
(E:\miktex\miktex_2.9\tex/generic/pgf/basiclayer\pgfcoretransparency.code.tex
File: pgfcoretransparency.code.tex 2019/08/03 v3.1.4b (3.1.4b)
)
(E:\miktex\miktex_2.9\tex/generic/pgf/basiclayer\pgfcorepatterns.code.tex
File: pgfcorepatterns.code.tex 2019/08/03 v3.1.4b (3.1.4b)
)
(E:\miktex\miktex_2.9\tex/generic/pgf/basiclayer\pgfcorerdf.code.tex
File: pgfcorerdf.code.tex 2019/08/03 v3.1.4b (3.1.4b)
)))
(E:\miktex\miktex_2.9\tex/generic/pgf/modules\pgfmoduleshapes.code.tex
File: pgfmoduleshapes.code.tex 2019/08/03 v3.1.4b (3.1.4b)
\pgfnodeparttextbox=\box35
)
(E:\miktex\miktex_2.9\tex/generic/pgf/modules\pgfmoduleplot.code.tex
File: pgfmoduleplot.code.tex 2019/08/03 v3.1.4b (3.1.4b)
)
(E:\miktex\miktex_2.9\tex/latex/pgf/compatibility\pgfcomp-version-0-65.sty
Package: pgfcomp-version-0-65 2019/08/03 v3.1.4b (3.1.4b)
\pgf@nodesepstart=\dimen160
\pgf@nodesepend=\dimen161
)
(E:\miktex\miktex_2.9\tex/latex/pgf/compatibility\pgfcomp-version-1-18.sty
Package: pgfcomp-version-1-18 2019/08/03 v3.1.4b (3.1.4b)
))
(E:\miktex\miktex_2.9\tex/latex/natbib\natbib.sty
Package: natbib 2010/09/13 8.31b (PWD, AO)
\bibhang=\skip50
\bibsep=\skip51
LaTeX Info: Redefining \cite on input line 694.
\c@NAT@ctr=\count116
)
(E:\miktex\miktex_2.9\tex/latex/url\url.sty
\Urlmuskip=\muskip11
Package: url 2013/09/16  ver 3.4  Verb mode for urls, etc.
) (prelim.aux)
\openout1 = `prelim.aux'.

LaTeX Font Info:    Checking defaults for OML/cmm/m/it on input line 48.
LaTeX Font Info:    ... okay on input line 48.
LaTeX Font Info:    Checking defaults for T1/cmr/m/n on input line 48.
LaTeX Font Info:    ... okay on input line 48.
LaTeX Font Info:    Checking defaults for OT1/cmr/m/n on input line 48.
LaTeX Font Info:    ... okay on input line 48.
LaTeX Font Info:    Checking defaults for OMS/cmsy/m/n on input line 48.
LaTeX Font Info:    ... okay on input line 48.
LaTeX Font Info:    Checking defaults for OMX/cmex/m/n on input line 48.
LaTeX Font Info:    ... okay on input line 48.
LaTeX Font Info:    Checking defaults for U/cmr/m/n on input line 48.
LaTeX Font Info:    ... okay on input line 48.

ABD: EveryShipout initializing macros
(E:\miktex\miktex_2.9\tex/context/base/mkii\supp-pdf.mkii
[Loading MPS to PDF converter (version 2006.09.02).]
\scratchcounter=\count117
\scratchdimen=\dimen162
\scratchbox=\box36
\nofMPsegments=\count118
\nofMParguments=\count119
\everyMPshowfont=\toks30
\MPscratchCnt=\count120
\MPscratchDim=\dimen163
\MPnumerator=\count121
\makeMPintoPDFobject=\count122
\everyMPtoPDFconversion=\toks31
) (E:\miktex\miktex_2.9\tex/latex/oberdiek\epstopdf-base.sty
Package: epstopdf-base 2016/05/15 v2.6 Base part for package epstopdf

(E:\miktex\miktex_2.9\tex/generic/oberdiek\infwarerr.sty
Package: infwarerr 2016/05/16 v1.4 Providing info/warning/error messages (HO)
)
(E:\miktex\miktex_2.9\tex/latex/oberdiek\grfext.sty
Package: grfext 2016/05/16 v1.2 Manage graphics extensions (HO)

(E:\miktex\miktex_2.9\tex/generic/oberdiek\kvdefinekeys.sty
Package: kvdefinekeys 2016/05/16 v1.4 Define keys (HO)

(E:\miktex\miktex_2.9\tex/generic/oberdiek\ltxcmds.sty
Package: ltxcmds 2016/05/16 v1.23 LaTeX kernel commands for general use (HO)
)))
(E:\miktex\miktex_2.9\tex/latex/oberdiek\kvoptions.sty
Package: kvoptions 2016/05/16 v3.12 Key value format for package options (HO)

(E:\miktex\miktex_2.9\tex/generic/oberdiek\kvsetkeys.sty
Package: kvsetkeys 2016/05/16 v1.17 Key value parser (HO)

(E:\miktex\miktex_2.9\tex/generic/oberdiek\etexcmds.sty
Package: etexcmds 2016/05/16 v1.6 Avoid name clashes with e-TeX commands (HO)

(E:\miktex\miktex_2.9\tex/generic/iftex\ifluatex.sty
Package: ifluatex 2019/10/25 v1.5 ifluatex legacy package. Use iftex instead.

(E:\miktex\miktex_2.9\tex/generic/iftex\iftex.sty
Package: iftex 2019/11/07 v1.0c TeX engine tests
)))))
(E:\miktex\miktex_2.9\tex/generic/oberdiek\pdftexcmds.sty
Package: pdftexcmds 2019/07/25 v0.30 Utility functions of pdfTeX for LuaTeX (HO
)

(E:\miktex\miktex_2.9\tex/generic/iftex\ifpdf.sty
Package: ifpdf 2019/10/25 v3.4 ifpdf legacy package. Use iftex instead.
)
Package pdftexcmds Info: LuaTeX not detected.
Package pdftexcmds Info: \pdf@primitive is available.
Package pdftexcmds Info: \pdf@ifprimitive is available.
Package pdftexcmds Info: \pdfdraftmode found.
)
Package epstopdf-base Info: Redefining graphics rule for `.eps' on input line 4
38.
Package grfext Info: Graphics extension search list:
(grfext)             [.pdf,.png,.jpg,.mps,.jpeg,.jbig2,.jb2,.PDF,.PNG,.JPG,.JPE
G,.JBIG2,.JB2,.eps]
(grfext)             \AppendGraphicsExtensions on input line 456.
)
LaTeX Font Info:    Trying to load font information for U+msa on input line 65.


(E:\miktex\miktex_2.9\tex/latex/amsfonts\umsa.fd
File: umsa.fd 2013/01/14 v3.01 AMS symbols A
)
LaTeX Font Info:    Trying to load font information for U+msb on input line 65.


(E:\miktex\miktex_2.9\tex/latex/amsfonts\umsb.fd
File: umsb.fd 2013/01/14 v3.01 AMS symbols B
) [1{E:/miktex/miktex_2.9_data/pdftex/config/pdftex.map}


]
Underfull \hbox (badness 1242) in paragraph at lines 85--86
[]\OT1/cmr/m/n/10 Trace prop-er-ties, while use-ful, are lim-ited to
 []


Underfull \hbox (badness 1292) in paragraph at lines 107--108
[]$\OML/cmm/m/it/10 H[] \OT1/cmr/m/n/10 := \OMS/cmsy/m/n/10 f\OML/cmm/m/it/10 T
 \OMS/cmsy/m/n/10 2 [] \OT1/cmr/m/n/10 : (\OMS/cmsy/m/n/10 9\OML/cmm/m/it/10 k 
\OMS/cmsy/m/n/10 
 []


Underfull \hbox (badness 10000) in paragraph at lines 112--112
[]\OT1/cmr/bx/n/14.4 Hyperproperties, Ro-bust-
 []


Underfull \vbox (badness 10000) has occurred while \output is active []

 [2]
[3]
Underfull \hbox (badness 1292) in paragraph at lines 156--157
[]$\OML/cmm/m/it/10 H[] \OT1/cmr/m/n/10 := \OMS/cmsy/m/n/10 f\OML/cmm/m/it/10 T
 \OMS/cmsy/m/n/10 2 [] \OT1/cmr/m/n/10 : (\OMS/cmsy/m/n/10 9\OML/cmm/m/it/10 k 
\OMS/cmsy/m/n/10 
 []

[4]
Underfull \hbox (badness 3179) in paragraph at lines 200--200
[]\OT1/cmr/bx/n/14.4 Neural Net-works as Con-
 []


Underfull \vbox (badness 1389) has occurred while \output is active []

 [5]
[6] (prelim.bbl
Underfull \hbox (badness 1122) in paragraph at lines 10--15
\OT1/cmr/m/n/10 Ito, and Jy-otir-moy V. Desh-mukh.  Rea-son-
 []


Underfull \hbox (badness 4454) in paragraph at lines 40--44
[]\OT1/cmr/m/n/10 Christian Szegedy, Wo-j-ciech Zaremba, Ilya
 []


Underfull \hbox (badness 1939) in paragraph at lines 47--56
\OT1/cmr/m/n/10 ram Sankara-narayanan, and Nikos Arechiga.
 []


Underfull \hbox (badness 1939) in paragraph at lines 47--56
\OT1/cmr/m/it/10 In-ter-na-tional Con-fer-ence on Hy-brid Sys-tems:
 []


Underfull \hbox (badness 1527) in paragraph at lines 47--56
\OT1/cmr/m/it/10 Com-pu-ta-tion and Con-trol\OT1/cmr/m/n/10 , HSCC '14, pages
 []

[7]) [8

] (prelim.aux) ) 
Here is how much of TeX's memory you used:
 11432 strings out of 492450
 207867 string characters out of 3133070
 267811 words of memory out of 3000000
 15561 multiletter control sequences out of 15000+200000
 11402 words of font info for 45 fonts, out of 3000000 for 9000
 1141 hyphenation exceptions out of 8191
 53i,8n,50p,1437b,275s stack positions out of 5000i,500n,10000p,200000b,50000s
<E:/miktex/miktex_2.9/fonts/type1/public/amsfonts/cm/cmbx12.pfb
><E:/miktex/miktex_2.9/fonts/type1/public/amsfonts/cm/cmmi10.pfb><E:/miktex/mik
tex_2.9/fonts/type1/public/amsfonts/cm/cmmi7.pfb><E:/miktex/miktex_2.9/fonts/ty
pe1/public/amsfonts/cm/cmr10.pfb><E:/miktex/miktex_2.9/fonts/type1/public/amsfo
nts/cm/cmr12.pfb><E:/miktex/miktex_2.9/fonts/type1/public/amsfonts/cm/cmr17.pfb
><E:/miktex/miktex_2.9/fonts/type1/public/amsfonts/cm/cmr7.pfb><E:/miktex/mikte
x_2.9/fonts/type1/public/amsfonts/cm/cmsy10.pfb><E:/miktex/miktex_2.9/fonts/typ
e1/public/amsfonts/cm/cmsy7.pfb><E:/miktex/miktex_2.9/fonts/type1/public/amsfon
ts/cm/cmti10.pfb><E:/miktex/miktex_2.9/fonts/type1/public/amsfonts/cm/cmtt10.pf
b><E:/miktex/miktex_2.9/fonts/type1/public/amsfonts/symbols/msbm10.pfb>
Output written on prelim.pdf (8 pages, 193053 bytes).
PDF statistics:
 80 PDF objects out of 1000 (max. 8388607)
 0 named destinations out of 1000 (max. 500000)
 13 words of extra memory for PDF output out of 10000 (max. 10000000)

